[2026-01-01 16:03:17] INFO: [GET] /admin/dashboard
[2026-01-01 16:03:19] INFO: [GET] /admin/products
[2026-01-01 16:03:24] INFO: [GET] /admin/edit-product/694fa44cf0a089520a1144ab
[2026-01-01 16:03:49] INFO: [GET] /admin/products
[2026-01-01 16:03:57] INFO: [GET] /admin/edit-product/694fa44cf0a089520a1144ab
[2026-01-01 16:04:09] INFO: [GET] /admin/dashboard
[2026-01-01 16:04:11] INFO: [GET] /admin/products
[2026-01-01 16:04:28] INFO: [GET] /admin/edit-product/694fa44cf0a089520a1144ab
[2026-01-01 16:04:34] INFO: [GET] /admin/products
[2026-01-01 16:05:09] INFO: [GET] /admin/products
[2026-01-01 16:05:16] INFO: [GET] /admin/edit-product/692d42af31e01e9d9ba8dc04
[2026-01-01 16:05:27] INFO: [GET] /admin/products
[2026-01-01 16:09:05] INFO: [GET] /
[2026-01-01 16:09:09] INFO: [GET] /admin/dashboard
[2026-01-01 16:09:11] INFO: [GET] /admin/products
[2026-01-01 16:09:17] INFO: [GET] /admin/edit-product/694fa44cf0a089520a1144ab
[2026-01-01 16:09:34] INFO: [GET] /admin/products
[2026-01-01 16:11:31] INFO: [GET] /admin/dashboard
[2026-01-01 16:11:32] INFO: [GET] /admin/dashboard
[2026-01-01 16:11:33] INFO: [GET] /admin/products
[2026-01-01 16:11:40] INFO: [GET] /admin/edit-product/694fa44cf0a089520a1144ab
[2026-01-01 16:11:57] INFO: [GET] /admin/banner
[2026-01-01 16:12:01] INFO: [GET] /admin/dashboard
[2026-01-01 16:12:02] INFO: [GET] /admin/products
[2026-01-01 16:12:05] INFO: [GET] /admin/edit-product/692d42af31e01e9d9ba8dc04
[2026-01-01 16:14:48] INFO: [GET] /admin/login
[2026-01-01 16:14:48] INFO: [GET] /admin/dashboard
[2026-01-01 16:14:51] INFO: [GET] /admin/products
[2026-01-01 16:14:54] INFO: [GET] /admin/edit-product/692d42af31e01e9d9ba8dc04
[2026-01-01 16:15:19] INFO: [GET] /
[2026-01-01 16:15:21] INFO: [GET] /admin/login
[2026-01-01 16:15:22] INFO: [GET] /admin/dashboard
[2026-01-01 16:15:24] INFO: [GET] /admin/products
[2026-01-01 16:15:29] INFO: [GET] /admin/edit-product/692d42af31e01e9d9ba8dc04
